<?xml version="1.0" ?>
<testsuite errors="0" failures="0" name="test_webserver1.TestUserInfo-20151218154315" tests="2" time="0.008">
	<testcase classname="test_webserver1.TestUserInfo" name="test_userinfo_get_1" time="0.007"/>
	<testcase classname="test_webserver1.TestUserInfo" name="test_userinfo_get_2" time="0.001"/>
	<system-out>
<![CDATA[1
{u'errno': 101, u'data': [], u'errmsg': u'invalid params: uid'}
]]>	</system-out>
	<system-err>
<![CDATA[]]>	</system-err>
</testsuite>
